0 info it worked if it ends with ok
1 verbose cli [ 'C:\\Program Files\\nodejs\\\\node.exe',
1 verbose cli   'C:\\Program Files\\nodejs\\node_modules\\npm\\bin\\npm-cli.js',
1 verbose cli   'shrinkwrap' ]
2 info using npm@1.4.28
3 info using node@v0.10.32
4 verbose node symlink C:\Program Files\nodejs\\node.exe
5 error Error: Problems were encountered
5 error Please correct and try again.
5 error extraneous: whitesource@0.0.48 C:\WhiteSource\bower-plugin\node_modules\whitesource
5 error extraneous: lodash._basetostring@3.0.0 C:\WhiteSource\bower-plugin\node_modules\whitesource\node_modules\npm\node_modules\npmlog\node_modules\gauge\node_modules\lodash._basetostring
5 error extraneous: lodash._createpad@3.0.1 C:\WhiteSource\bower-plugin\node_modules\whitesource\node_modules\npm\node_modules\npmlog\node_modules\gauge\node_modules\lodash._createpad
5 error     at shrinkwrap_ (C:\Program Files\nodejs\node_modules\npm\lib\shrinkwrap.js:30:15)
5 error     at C:\Program Files\nodejs\node_modules\npm\lib\shrinkwrap.js:24:5
5 error     at C:\Program Files\nodejs\node_modules\npm\lib\ls.js:45:30
5 error     at C:\Program Files\nodejs\node_modules\npm\node_modules\read-installed\read-installed.js:130:5
5 error     at C:\Program Files\nodejs\node_modules\npm\node_modules\read-installed\read-installed.js:244:14
5 error     at cb (C:\Program Files\nodejs\node_modules\npm\node_modules\slide\lib\async-map.js:47:24)
5 error     at C:\Program Files\nodejs\node_modules\npm\node_modules\read-installed\read-installed.js:244:14
5 error     at cb (C:\Program Files\nodejs\node_modules\npm\node_modules\slide\lib\async-map.js:47:24)
5 error     at C:\Program Files\nodejs\node_modules\npm\node_modules\read-installed\read-installed.js:244:14
5 error     at cb (C:\Program Files\nodejs\node_modules\npm\node_modules\slide\lib\async-map.js:47:24)
6 error If you need help, you may report this *entire* log,
6 error including the npm and node versions, at:
6 error     <http://github.com/npm/npm/issues>
7 error System Windows_NT 6.1.7601
8 error command "C:\\Program Files\\nodejs\\\\node.exe" "C:\\Program Files\\nodejs\\node_modules\\npm\\bin\\npm-cli.js" "shrinkwrap"
9 error cwd C:\WhiteSource\bower-plugin
10 error node -v v0.10.32
11 error npm -v 1.4.28
12 verbose exit [ 1, true ]
